<?xml version="1.0" encoding="UTF-8"?>
<testng-results skipped="0" failed="0" total="1" passed="1">
  <reporter-output>
  </reporter-output>
  <suite name="Suite" duration-ms="95" started-at="2019-10-22T10:52:35Z" finished-at="2019-10-22T10:52:36Z">
    <groups>
    </groups>
    <test name="Test" duration-ms="95" started-at="2019-10-22T10:52:35Z" finished-at="2019-10-22T10:52:36Z">
      <class name="P1.DemoTest">
        <test-method status="PASS" signature="run()[pri:0, instance:P1.DemoTest@4f933fd1]" name="run" duration-ms="42" started-at="2019-10-22T16:22:35Z" finished-at="2019-10-22T16:22:35Z">
          <reporter-output>
          </reporter-output>
        </test-method> <!-- run -->
      </class> <!-- P1.DemoTest -->
    </test> <!-- Test -->
  </suite> <!-- Suite -->
</testng-results>
